<?xml version="1.0" encoding="utf-8"?><testsuites><testsuite name="pytest" errors="0" failures="0" skipped="0" tests="49" time="8.729" timestamp="2023-04-18T10:36:01.857786" hostname="5352f0512c4a"><testcase classname="sparkle.api.tests.test_api_admin" name="test_logadmin_has_view_permission_if_superadmin" time="1.718" /><testcase classname="sparkle.api.tests.test_api_admin" name="test_logadmin_has_not_view_permission_if_not_superadmin" time="0.048" /><testcase classname="sparkle.api.tests.test_api_admin" name="test_logadmin_get_queryset" time="0.013" /><testcase classname="sparkle.api.tests.test_api_models" name="test_sale_model" time="0.015" /><testcase classname="sparkle.api.tests.test_api_models" name="test_order_model" time="0.015" /><testcase classname="sparkle.api.tests.test_api_models" name="test_order_expiration" time="0.021" /><testcase classname="sparkle.api.tests.test_api_models" name="test_item_model" time="0.015" /><testcase classname="sparkle.api.tests.test_api_views" name="test_current_user" time="0.015" /><testcase classname="sparkle.api.tests.test_api_views" name="test_order_list" time="0.038" /><testcase classname="sparkle.api.tests.test_api_views" name="test_order_create" time="0.057" /><testcase classname="sparkle.api.tests.test_api_views" name="test_order_create_weezpay_failed" time="0.040" /><testcase classname="sparkle.api.tests.test_api_views" name="test_order_payment_callback" time="0.144" /><testcase classname="sparkle.api.tests.test_api_views" name="test_order_weezpay_failed_payment_callback" time="0.032" /><testcase classname="sparkle.api.tests.test_api_views" name="test_order_failed_payment_callback" time="0.029" /><testcase classname="sparkle.api.tests.test_api_views" name="test_order_not_pending_payment_callback" time="0.024" /><testcase classname="sparkle.api.tests.test_api_views" name="test_order_payment_callback_wrong_sale" time="0.027" /><testcase classname="sparkle.api.tests.test_api_views" name="test_order_payment_callback_wrong_user" time="0.022" /><testcase classname="sparkle.api.tests.test_api_views" name="test_sale_quotas[0-400-detail_expected0]" time="0.025" /><testcase classname="sparkle.api.tests.test_api_views" name="test_sale_quotas[1-400-detail_expected1]" time="0.027" /><testcase classname="sparkle.api.tests.test_api_views" name="test_sale_quotas[6-400-detail_expected2]" time="0.028" /><testcase classname="sparkle.api.tests.test_api_views" name="test_sale_quotas[7-400-detail_expected3]" time="0.029" /><testcase classname="sparkle.api.tests.test_api_views" name="test_sale_quotas[8-400-detail_expected4]" time="0.027" /><testcase classname="sparkle.api.tests.test_api_views" name="test_sale_quotas[21-400-detail_expected5]" time="0.025" /><testcase classname="sparkle.api.tests.test_api_views" name="test_sale_user_quota" time="0.036" /><testcase classname="sparkle.api.tests.test_api_views" name="test_sale_global_quota" time="0.032" /><testcase classname="sparkle.api.tests.test_api_views" name="test_order_for_superusers[True-True-2]" time="0.029" /><testcase classname="sparkle.api.tests.test_api_views" name="test_order_for_superusers[True-False-1]" time="0.033" /><testcase classname="sparkle.api.tests.test_api_views" name="test_order_for_superusers[False-True-1]" time="0.031" /><testcase classname="sparkle.api.tests.test_api_views" name="test_order_for_superusers[False-False-1]" time="0.035" /><testcase classname="sparkle.api.tests.test_api_views" name="test_sale_list" time="0.037" /><testcase classname="sparkle.api.tests.test_api_views" name="test_sale_detail[True]" time="0.027" /><testcase classname="sparkle.api.tests.test_api_views" name="test_sale_detail[False]" time="0.029" /><testcase classname="sparkle.proxy_pda.tests.test_proxy_pda_admin" name="test_assoadmin_list_display" time="0.404" /><testcase classname="sparkle.proxy_pda.tests.test_proxy_pda_admin" name="test_assoadmin_search_fields" time="0.400" /><testcase classname="sparkle.proxy_pda.tests.test_proxy_pda_admin" name="test_assoadmin_get_queryset" time="0.008" /><testcase classname="sparkle.proxy_pda.tests.test_proxy_pda_models" name="test_asso_model" time="0.007" /><testcase classname="sparkle.proxy_pda.tests.test_proxy_pda_views" name="test_get_list_assos" time="0.025" /><testcase classname="sparkle.proxy_pda.tests.test_proxy_pda_views" name="test_request_user_assos" time="0.011" /><testcase classname="sparkle.proxy_pda.tests.test_proxy_pda_views" name="test_request_user_assos_unauthenticated" time="0.010" /><testcase classname="sparkle.proxy_pda.tests.test_proxy_pda_views" name="test_request_user_assos_pda_unauthenticated" time="0.011" /><testcase classname="sparkle.proxy_pda.tests.test_proxy_pda_views" name="test_get_user_info" time="0.012" /><testcase classname="sparkle.proxy_pda.tests.test_proxy_pda_views" name="test_get_user_info_not_authenticated" time="0.008" /><testcase classname="sparkle.proxy_pda.tests.test_proxy_pda_views" name="test_get_user_info_in_session" time="0.014" /><testcase classname="sparkle.proxy_pda.tests.test_proxy_pda_views" name="test_get_assos" time="0.038" /><testcase classname="sparkle.api.tests.test_api_admin" name="test_logadmin_permissions" time="0.004" /><testcase classname="sparkle.frontend.tests.test_frontend_views" name="test_frontend" time="0.054" /><testcase classname="sparkle.proxy_pda.tests.test_proxy_pda_admin" name="test_assoadmin_permissions" time="0.003" /><testcase classname="sparkle.proxy_pda.tests.test_proxy_pda_admin" name="test_assoadmin_get_list_display" time="0.004" /><testcase classname="sparkle.proxy_pda.tests.test_proxy_pda_admin" name="test_assoadmin_sync_assos" time="0.196" /></testsuite></testsuites>